<?xml version="1.0" encoding="UTF-8" standalone="no"?>
<testsuite errors="0" failures="0" name="io.cucumber.core.plugin.JUnitFormatter" skipped="0" tests="1" time="17.943">
<testcase classname="Feature to test create user endpoint" name="Add New User with Valid Parameters" time="17.436">
<system-out><![CDATA[Given having endpoint to ceate new user.....................................passed
When Send valid data in request body using post method......................passed
Then Status code of response should be 201..................................passed
]]></system-out>
</testcase>
</testsuite>
